[debug] [2024-03-20T00:21:29.400Z] ----------------------------------------------------------------------
[debug] [2024-03-20T00:21:29.401Z] Command:       /usr/local/bin/node /Users/josephmuller/.bun/bin/firebase init
[debug] [2024-03-20T00:21:29.401Z] CLI Version:   12.6.1
[debug] [2024-03-20T00:21:29.402Z] Platform:      darwin
[debug] [2024-03-20T00:21:29.402Z] Node Version:  v18.17.1
[debug] [2024-03-20T00:21:29.403Z] Time:          Tue Mar 19 2024 20:21:29 GMT-0400 (Eastern Daylight Time)
[debug] [2024-03-20T00:21:29.403Z] ----------------------------------------------------------------------
[debug] 
[debug] [2024-03-20T00:21:29.406Z] > command requires scopes: ["email","openid","https://www.googleapis.com/auth/cloudplatformprojects.readonly","https://www.googleapis.com/auth/firebase","https://www.googleapis.com/auth/cloud-platform"]
[debug] [2024-03-20T00:21:29.406Z] > authorizing via signed-in user (jtmuller5@gmail.com)
[info] 
     ######## #### ########  ######## ########     ###     ######  ########
     ##        ##  ##     ## ##       ##     ##  ##   ##  ##       ##
     ######    ##  ########  ######   ########  #########  ######  ######
     ##        ##  ##    ##  ##       ##     ## ##     ##       ## ##
     ##       #### ##     ## ######## ########  ##     ##  ######  ########

You're about to initialize a Firebase project in this directory:

  /Users/josephmuller/Dev/cotr/websites/cotr-docs

[info] 
=== Project Setup
[info] 
[info] First, let's associate this project directory with a Firebase project.
[info] You can create multiple project aliases by running firebase use --add, 
[info] but for now we'll just set up a default project.
[info] 
[debug] [2024-03-20T00:21:41.200Z] >>> [apiv2][query] GET https://firebase.googleapis.com/v1beta1/projects pageSize=100
[debug] [2024-03-20T00:21:41.661Z] <<< [apiv2][status] GET https://firebase.googleapis.com/v1beta1/projects 200
[debug] [2024-03-20T00:21:41.662Z] <<< [apiv2][body] GET https://firebase.googleapis.com/v1beta1/projects [omitted]
[info] i  Don't want to scroll through all your projects? If you know your project ID, you can initialize it directly using firebase init --project <project_id>.
 
[info] i  Using project code-on-the-rocks (code on the rocks) 
[info] 
=== Hosting Setup
[info] 
[info] i  Detected a .git folder at /Users/josephmuller/Dev/cotr/websites/cotr-docs 
[info] i  Authorizing with GitHub to upload your service account to a GitHub repository's secrets store. 
[info] 
[info] Visit this URL on this device to log in:
[info] https://github.com/login/oauth/authorize?client_id=89cf50f02ac6aaed3484&state=973326099&redirect_uri=http%3A%2F%2Flocalhost%3A9005&scope=read%3Auser%20repo%20public_repo
[info] 
[info] Waiting for authentication...
[debug] [2024-03-20T00:22:03.312Z] >>> [apiv2][query] POST https://github.com/login/oauth/access_token [none]
[debug] [2024-03-20T00:22:03.312Z] >>> [apiv2][body] POST https://github.com/login/oauth/access_token [stream]
[debug] [2024-03-20T00:22:03.534Z] <<< [apiv2][status] POST https://github.com/login/oauth/access_token 200
[debug] [2024-03-20T00:22:03.534Z] <<< [apiv2][body] POST https://github.com/login/oauth/access_token {"access_token":"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","token_type":"bearer","scope":"read:user,repo"}
[debug] [2024-03-20T00:22:03.547Z] >>> [apiv2][query] GET https://api.github.com/user [none]
[debug] [2024-03-20T00:22:03.740Z] <<< [apiv2][status] GET https://api.github.com/user 200
[debug] [2024-03-20T00:22:03.740Z] <<< [apiv2][body] GET https://api.github.com/user {"login":"jtmuller5","id":47997351,"node_id":"MDQ6VXNlcjQ3OTk3MzUx","avatar_url":"https://avatars.githubusercontent.com/u/47997351?v=4","gravatar_id":"","url":"https://api.github.com/users/jtmuller5","html_url":"https://github.com/jtmuller5","followers_url":"https://api.github.com/users/jtmuller5/followers","following_url":"https://api.github.com/users/jtmuller5/following{/other_user}","gists_url":"https://api.github.com/users/jtmuller5/gists{/gist_id}","starred_url":"https://api.github.com/users/jtmuller5/starred{/owner}{/repo}","subscriptions_url":"https://api.github.com/users/jtmuller5/subscriptions","organizations_url":"https://api.github.com/users/jtmuller5/orgs","repos_url":"https://api.github.com/users/jtmuller5/repos","events_url":"https://api.github.com/users/jtmuller5/events{/privacy}","received_events_url":"https://api.github.com/users/jtmuller5/received_events","type":"User","site_admin":false,"name":"Joe Muller","company":"Code on the Rocks","blog":"https://codeontherocks.dev/","location":null,"email":null,"hireable":null,"bio":null,"twitter_username":"CodeOnTheRocks_","public_repos":76,"public_gists":82,"followers":98,"following":5,"created_at":"2019-02-26T01:10:52Z","updated_at":"2024-02-23T19:05:15Z","private_gists":1,"total_private_repos":55,"owned_private_repos":55,"disk_usage":1016925,"collaborators":2,"two_factor_authentication":true,"plan":{"name":"free","space":976562499,"collaborators":0,"private_repos":10000}}
[info] 
[info] ✔  Success! Logged into GitHub as jtmuller5 
[info] 
